============================= test session starts ==============================
platform linux -- Python 3.12.3, pytest-7.4.3, pluggy-1.6.0
django: version: 5.0, settings: config.settings.ci (from ini)
rootdir: /home/munaim/srv/apps/lims/lims-backend
configfile: pytest.ini
plugins: cov-4.1.0, django-4.7.0
collected 400 items

apps/accounts/tests/test_auth.py ..................                      [  4%]
apps/audit/tests/test_audit.py ......................                    [ 10%]
apps/billing/tests/test_billing.py ..X..............                     [ 14%]
apps/core/tests/test_core.py ............                                [ 17%]
apps/core/tests/test_numbering.py ............ss..                       [ 21%]
apps/core/tests/test_serializers.py .......                              [ 23%]
apps/dashboard/tests/test_dashboard.py .......s.........ss.sss.......... [ 31%]
                                                                         [ 31%]
apps/laboratory/tests/test_audit_verification.py .                       [ 31%]
apps/laboratory/tests/test_catalog_io.py ....                            [ 32%]
apps/laboratory/tests/test_import_fixes.py ...                           [ 33%]
apps/laboratory/tests/test_laboratory.py ...............                 [ 37%]
apps/laboratory/tests/test_management_commands.py ......                 [ 38%]
apps/laboratory/tests/test_parameter_validation.py .......F.FF...        [ 42%]
apps/laboratory/tests/test_ranges.py ....                                [ 43%]
apps/laboratory/tests/test_serializers.py .......                        [ 44%]
apps/laboratory/tests/test_utils.py ........                             [ 46%]
apps/orders/tests/test_orders.py ......................                  [ 52%]
apps/orders/tests/test_serializers.py ..........                         [ 54%]
apps/patients/tests/test_filters.py ..........                           [ 57%]
apps/patients/tests/test_patients.py ......................              [ 62%]
apps/patients/tests/test_serializers.py ........                         [ 64%]
apps/reports/tests/test_reports.py ..................................    [ 73%]
apps/results/tests/test_expected_results.py ....                         [ 74%]
apps/results/tests/test_filters.py .........                             [ 76%]
apps/results/tests/test_result_flags.py ....                             [ 77%]
apps/results/tests/test_results.py ........F..ss...........              [ 83%]
apps/results/tests/test_serializers.py ..                                [ 84%]
apps/samples/tests/test_samples.py ....F....                             [ 86%]
apps/samples/tests/test_services.py FF.....                              [ 88%]
apps/core/tests/test_export_utils.py ..................                  [ 92%]
apps/laboratory/tests/test_import_fixes.py ............................. [ 99%]
.                                                                        [100%]

=================================== FAILURES ===================================
__ TestExcelImportParameterValidation.test_import_invalid_parameter_id_format __
apps/laboratory/tests/test_parameter_validation.py:153: in test_import_invalid_parameter_id_format
    assert error["column"] == "parameter_id"
E   KeyError: 'column'
_ TestExcelImportParameterValidation.test_import_mapping_with_missing_parameter_id _
apps/laboratory/tests/test_parameter_validation.py:211: in test_import_mapping_with_missing_parameter_id
    assert "p999" in error["message"]
E   AssertionError: assert 'p999' in 'Test or Parameter not found for mapping'
_ TestExcelImportParameterValidation.test_import_mapping_with_invalid_parameter_id_format _
apps/laboratory/tests/test_parameter_validation.py:244: in test_import_mapping_with_invalid_parameter_id_format
    assert "format" in error["message"].lower()
E   assert 'format' in "invalid parameter_id 'param1'"
E    +  where "invalid parameter_id 'param1'" = <built-in method lower of str object at 0x74cbab8d91b0>()
E    +    where <built-in method lower of str object at 0x74cbab8d91b0> = "Invalid parameter_id 'param1'".lower
___________________ TestTestResultViewSet.test_verify_result ___________________
apps/results/tests/test_results.py:268: in test_verify_result
    assert response.status_code == status.HTTP_200_OK
E   assert 403 == 200
E    +  where 403 = <Response status_code=403, "application/json">.status_code
E    +  and   200 = status.HTTP_200_OK
----------------------------- Captured stderr call -----------------------------
[WARNING] 2026-02-07 17:53:56 django.request log.log_response:241 - Forbidden: /api/v1/results/1/verify/
_____________________ TestSampleViewSet.test_create_sample _____________________
apps/samples/tests/test_samples.py:152: in test_create_sample
    assert response.status_code == status.HTTP_201_CREATED
E   assert 400 == 201
E    +  where 400 = <Response status_code=400, "application/json">.status_code
E    +  and   201 = status.HTTP_201_CREATED
----------------------------- Captured stderr call -----------------------------
[WARNING] 2026-02-07 17:54:17 django.request log.log_response:241 - Bad Request: /api/v1/samples/
________ SampleGenerationTestCase.test_ensure_samples_wrapper_function _________
apps/samples/tests/test_services.py:219: in test_ensure_samples_wrapper_function
    self.assertEqual(len(samples), 2)
E   AssertionError: 0 != 2
________ SampleGenerationTestCase.test_idempotency_no_duplicate_samples ________
apps/samples/tests/test_services.py:137: in test_idempotency_no_duplicate_samples
    self.assertEqual(len(samples_1), 2)
E   AssertionError: 0 != 2
=============================== warnings summary ===============================
.venv/lib/python3.12/site-packages/dateutil/tz/tz.py:37
  /home/munaim/srv/apps/lims/lims-backend/.venv/lib/python3.12/site-packages/dateutil/tz/tz.py:37: DeprecationWarning: datetime.datetime.utcfromtimestamp() is deprecated and scheduled for removal in a future version. Use timezone-aware objects to represent datetimes in UTC: datetime.datetime.fromtimestamp(timestamp, datetime.UTC).
    EPOCH = datetime.datetime.utcfromtimestamp(0)

.venv/lib/python3.12/site-packages/django/conf/__init__.py:251
  /home/munaim/srv/apps/lims/lims-backend/.venv/lib/python3.12/site-packages/django/conf/__init__.py:251: RemovedInDjango51Warning: The STATICFILES_STORAGE setting is deprecated. Use STORAGES instead.
    warnings.warn(STATICFILES_STORAGE_DEPRECATED_MSG, RemovedInDjango51Warning)

.venv/lib/python3.12/site-packages/rest_framework_simplejwt/__init__.py:1
  /home/munaim/srv/apps/lims/lims-backend/.venv/lib/python3.12/site-packages/rest_framework_simplejwt/__init__.py:1: DeprecationWarning: pkg_resources is deprecated as an API. See https://setuptools.pypa.io/en/latest/pkg_resources.html
    from pkg_resources import DistributionNotFound, get_distribution

apps/results/models.py:14
  /home/munaim/srv/apps/lims/lims-backend/apps/results/models.py:14: PytestCollectionWarning: cannot collect test class 'TestResult' because it has a __init__ constructor (from: apps/dashboard/tests/test_dashboard.py)
    class TestResult(models.Model):

.venv/lib/python3.12/site-packages/reportlab/lib/rl_safe_eval.py:11
  /home/munaim/srv/apps/lims/lims-backend/.venv/lib/python3.12/site-packages/reportlab/lib/rl_safe_eval.py:11: DeprecationWarning: ast.NameConstant is deprecated and will be removed in Python 3.14; use ast.Constant instead
    haveNameConstant = hasattr(ast,'NameConstant')

apps/results/models.py:14
  /home/munaim/srv/apps/lims/lims-backend/apps/results/models.py:14: PytestCollectionWarning: cannot collect test class 'TestResult' because it has a __init__ constructor (from: apps/reports/tests/test_reports.py)
    class TestResult(models.Model):

apps/results/models.py:14
  /home/munaim/srv/apps/lims/lims-backend/apps/results/models.py:14: PytestCollectionWarning: cannot collect test class 'TestResult' because it has a __init__ constructor (from: apps/results/tests/test_expected_results.py)
    class TestResult(models.Model):

apps/results/filters.py:13
  /home/munaim/srv/apps/lims/lims-backend/apps/results/filters.py:13: PytestCollectionWarning: cannot collect test class 'TestResultFilter' because it has a __init__ constructor (from: apps/results/tests/test_filters.py)
    class TestResultFilter(django_filters.FilterSet):

apps/results/models.py:14
  /home/munaim/srv/apps/lims/lims-backend/apps/results/models.py:14: PytestCollectionWarning: cannot collect test class 'TestResult' because it has a __init__ constructor (from: apps/results/tests/test_filters.py)
    class TestResult(models.Model):

apps/results/models.py:14
  /home/munaim/srv/apps/lims/lims-backend/apps/results/models.py:14: PytestCollectionWarning: cannot collect test class 'TestResult' because it has a __init__ constructor (from: apps/results/tests/test_result_flags.py)
    class TestResult(models.Model):

apps/results/models.py:14
  /home/munaim/srv/apps/lims/lims-backend/apps/results/models.py:14: PytestCollectionWarning: cannot collect test class 'TestResult' because it has a __init__ constructor (from: apps/results/tests/test_results.py)
    class TestResult(models.Model):

apps/results/models.py:14
  /home/munaim/srv/apps/lims/lims-backend/apps/results/models.py:14: PytestCollectionWarning: cannot collect test class 'TestResult' because it has a __init__ constructor (from: apps/results/tests/test_serializers.py)
    class TestResult(models.Model):

apps/results/serializers.py:6
  /home/munaim/srv/apps/lims/lims-backend/apps/results/serializers.py:6: PytestCollectionWarning: cannot collect test class 'TestResultSerializer' because it has a __init__ constructor (from: apps/results/tests/test_serializers.py)
    class TestResultSerializer(serializers.ModelSerializer):

apps/accounts/tests/test_auth.py::TestLoginView::test_login_with_username
apps/accounts/tests/test_auth.py::TestLoginView::test_login_with_username
apps/accounts/tests/test_auth.py::TestLoginView::test_login_with_email
apps/accounts/tests/test_auth.py::TestLoginView::test_login_with_email
apps/accounts/tests/test_auth.py::TestLogoutView::test_logout
  /home/munaim/srv/apps/lims/lims-backend/.venv/lib/python3.12/site-packages/rest_framework_simplejwt/utils.py:26: DeprecationWarning: datetime.datetime.utcnow() is deprecated and scheduled for removal in a future version. Use timezone-aware objects to represent datetimes in UTC: datetime.datetime.now(datetime.UTC).
    return make_utc(datetime.utcnow())

apps/dashboard/tests/test_dashboard.py::TestDashboardStatisticsViewSet::test_revenue_report_date_range
apps/dashboard/tests/test_dashboard.py::TestDashboardStatisticsViewSet::test_payment_methods_with_date_range
  /home/munaim/srv/apps/lims/lims-backend/.venv/lib/python3.12/site-packages/django/db/models/fields/__init__.py:1595: RuntimeWarning: DateTimeField Payment.payment_date received a naive datetime (2026-01-31 00:00:00) while time zone support is active.
    warnings.warn(

apps/dashboard/tests/test_dashboard.py::TestDashboardStatisticsViewSet::test_revenue_report_date_range
apps/dashboard/tests/test_dashboard.py::TestDashboardStatisticsViewSet::test_payment_methods_with_date_range
  /home/munaim/srv/apps/lims/lims-backend/.venv/lib/python3.12/site-packages/django/db/models/fields/__init__.py:1595: RuntimeWarning: DateTimeField Payment.payment_date received a naive datetime (2026-02-07 00:00:00) while time zone support is active.
    warnings.warn(

apps/dashboard/tests/test_dashboard.py::TestDashboardStatisticsViewSet::test_workload_distribution_with_date_range
  /home/munaim/srv/apps/lims/lims-backend/.venv/lib/python3.12/site-packages/django/db/models/fields/__init__.py:1595: RuntimeWarning: DateTimeField Order.created_at received a naive datetime (2026-01-31 00:00:00) while time zone support is active.
    warnings.warn(

apps/dashboard/tests/test_dashboard.py::TestDashboardStatisticsViewSet::test_workload_distribution_with_date_range
  /home/munaim/srv/apps/lims/lims-backend/.venv/lib/python3.12/site-packages/django/db/models/fields/__init__.py:1595: RuntimeWarning: DateTimeField Order.created_at received a naive datetime (2026-02-07 00:00:00) while time zone support is active.
    warnings.warn(

apps/dashboard/tests/test_dashboard.py::TestDashboardStatisticsViewSet::test_workload_distribution_with_date_range
  /home/munaim/srv/apps/lims/lims-backend/.venv/lib/python3.12/site-packages/django/db/models/fields/__init__.py:1595: RuntimeWarning: DateTimeField Sample.collected_at received a naive datetime (2026-01-31 00:00:00) while time zone support is active.
    warnings.warn(

apps/dashboard/tests/test_dashboard.py::TestDashboardStatisticsViewSet::test_workload_distribution_with_date_range
  /home/munaim/srv/apps/lims/lims-backend/.venv/lib/python3.12/site-packages/django/db/models/fields/__init__.py:1595: RuntimeWarning: DateTimeField Sample.collected_at received a naive datetime (2026-02-07 00:00:00) while time zone support is active.
    warnings.warn(

apps/dashboard/tests/test_dashboard.py::TestDashboardStatisticsViewSet::test_workload_distribution_with_date_range
  /home/munaim/srv/apps/lims/lims-backend/.venv/lib/python3.12/site-packages/django/db/models/fields/__init__.py:1595: RuntimeWarning: DateTimeField TestResult.entered_at received a naive datetime (2026-01-31 00:00:00) while time zone support is active.
    warnings.warn(

apps/dashboard/tests/test_dashboard.py::TestDashboardStatisticsViewSet::test_workload_distribution_with_date_range
  /home/munaim/srv/apps/lims/lims-backend/.venv/lib/python3.12/site-packages/django/db/models/fields/__init__.py:1595: RuntimeWarning: DateTimeField TestResult.entered_at received a naive datetime (2026-02-07 00:00:00) while time zone support is active.
    warnings.warn(

apps/dashboard/tests/test_dashboard.py::TestDashboardStatisticsViewSet::test_workload_distribution_with_date_range
  /home/munaim/srv/apps/lims/lims-backend/.venv/lib/python3.12/site-packages/django/db/models/fields/__init__.py:1595: RuntimeWarning: DateTimeField TestResult.verified_at received a naive datetime (2026-01-31 00:00:00) while time zone support is active.
    warnings.warn(

apps/dashboard/tests/test_dashboard.py::TestDashboardStatisticsViewSet::test_workload_distribution_with_date_range
  /home/munaim/srv/apps/lims/lims-backend/.venv/lib/python3.12/site-packages/django/db/models/fields/__init__.py:1595: RuntimeWarning: DateTimeField TestResult.verified_at received a naive datetime (2026-02-07 00:00:00) while time zone support is active.
    warnings.warn(

apps/laboratory/tests/test_catalog_io.py: 9 warnings
apps/laboratory/tests/test_import_fixes.py: 8 warnings
apps/laboratory/tests/test_laboratory.py: 3 warnings
apps/laboratory/tests/test_parameter_validation.py: 24 warnings
apps/laboratory/tests/test_utils.py: 24 warnings
apps/core/tests/test_export_utils.py: 12 warnings
  /home/munaim/srv/apps/lims/lims-backend/.venv/lib/python3.12/site-packages/openpyxl/packaging/core.py:99: DeprecationWarning: datetime.datetime.utcnow() is deprecated and scheduled for removal in a future version. Use timezone-aware objects to represent datetimes in UTC: datetime.datetime.now(datetime.UTC).
    now = datetime.datetime.utcnow()

apps/laboratory/tests/test_catalog_io.py: 3 warnings
apps/laboratory/tests/test_import_fixes.py: 2 warnings
apps/laboratory/tests/test_laboratory.py: 1 warning
apps/laboratory/tests/test_parameter_validation.py: 8 warnings
apps/laboratory/tests/test_utils.py: 8 warnings
apps/core/tests/test_export_utils.py: 12 warnings
  /home/munaim/srv/apps/lims/lims-backend/.venv/lib/python3.12/site-packages/openpyxl/writer/excel.py:292: DeprecationWarning: datetime.datetime.utcnow() is deprecated and scheduled for removal in a future version. Use timezone-aware objects to represent datetimes in UTC: datetime.datetime.now(datetime.UTC).
    workbook.properties.modified = datetime.datetime.utcnow()

apps/results/tests/test_results.py::TestTestResultViewSet::test_worklist
apps/results/tests/test_results.py::TestTestResultViewSet::test_worklist_endpoint
  /home/munaim/srv/apps/lims/lims-backend/.venv/lib/python3.12/site-packages/rest_framework/pagination.py:200: UnorderedObjectListWarning: Pagination may yield inconsistent results with an unordered object_list: <class 'apps.orders.models.OrderItem'> QuerySet.
    paginator = self.django_paginator_class(queryset, page_size)

-- Docs: https://docs.pytest.org/en/stable/how-to/capture-warnings.html
=========================== short test summary info ============================
FAILED apps/laboratory/tests/test_parameter_validation.py::TestExcelImportParameterValidation::test_import_invalid_parameter_id_format
FAILED apps/laboratory/tests/test_parameter_validation.py::TestExcelImportParameterValidation::test_import_mapping_with_missing_parameter_id
FAILED apps/laboratory/tests/test_parameter_validation.py::TestExcelImportParameterValidation::test_import_mapping_with_invalid_parameter_id_format
FAILED apps/results/tests/test_results.py::TestTestResultViewSet::test_verify_result
FAILED apps/samples/tests/test_samples.py::TestSampleViewSet::test_create_sample
FAILED apps/samples/tests/test_services.py::SampleGenerationTestCase::test_ensure_samples_wrapper_function
FAILED apps/samples/tests/test_services.py::SampleGenerationTestCase::test_idempotency_no_duplicate_samples
= 7 failed, 382 passed, 10 skipped, 1 xpassed, 146 warnings in 212.85s (0:03:32) =
